<?xml version="1.0" encoding="UTF-8"?>
<testng-results ignored="0" total="6" passed="6" failed="0" skipped="0">
  <reporter-output>
  </reporter-output>
  <suite started-at="2026-03-13T16:25:36 GMT+07:00" name="Surefire suite" finished-at="2026-03-13T16:25:36 GMT+07:00" duration-ms="35">
    <groups>
    </groups>
    <test started-at="2026-03-13T16:25:36 GMT+07:00" name="Surefire test" finished-at="2026-03-13T16:25:36 GMT+07:00" duration-ms="35">
      <class name="dtm.WaterBillTest">
        <test-method signature="TC1_invalidM3()[pri:0, instance:dtm.WaterBillTest@3bd40a57]" started-at="2026-03-13T16:25:36 GMT+07:00" name="TC1_invalidM3" finished-at="2026-03-13T16:25:36 GMT+07:00" duration-ms="6" status="PASS">
          <reporter-output>
          </reporter-output>
        </test-method> <!-- TC1_invalidM3 -->
        <test-method signature="TC2_hoNgheo()[pri:0, instance:dtm.WaterBillTest@3bd40a57]" started-at="2026-03-13T16:25:36 GMT+07:00" name="TC2_hoNgheo" finished-at="2026-03-13T16:25:36 GMT+07:00" duration-ms="0" status="PASS">
          <reporter-output>
          </reporter-output>
        </test-method> <!-- TC2_hoNgheo -->
        <test-method signature="TC4_danCu2()[pri:0, instance:dtm.WaterBillTest@3bd40a57]" started-at="2026-03-13T16:25:36 GMT+07:00" name="TC4_danCu2" finished-at="2026-03-13T16:25:36 GMT+07:00" duration-ms="1" status="PASS">
          <reporter-output>
          </reporter-output>
        </test-method> <!-- TC4_danCu2 -->
        <test-method signature="TC3_danCu1()[pri:0, instance:dtm.WaterBillTest@3bd40a57]" started-at="2026-03-13T16:25:36 GMT+07:00" name="TC3_danCu1" finished-at="2026-03-13T16:25:36 GMT+07:00" duration-ms="0" status="PASS">
          <reporter-output>
          </reporter-output>
        </test-method> <!-- TC3_danCu1 -->
        <test-method signature="TC5_danCu3()[pri:0, instance:dtm.WaterBillTest@3bd40a57]" started-at="2026-03-13T16:25:36 GMT+07:00" name="TC5_danCu3" finished-at="2026-03-13T16:25:36 GMT+07:00" duration-ms="0" status="PASS">
          <reporter-output>
          </reporter-output>
        </test-method> <!-- TC5_danCu3 -->
        <test-method signature="TC6_kinhDoanh()[pri:0, instance:dtm.WaterBillTest@3bd40a57]" started-at="2026-03-13T16:25:36 GMT+07:00" name="TC6_kinhDoanh" finished-at="2026-03-13T16:25:36 GMT+07:00" duration-ms="0" status="PASS">
          <reporter-output>
          </reporter-output>
        </test-method> <!-- TC6_kinhDoanh -->
      </class> <!-- dtm.WaterBillTest -->
    </test> <!-- Surefire test -->
  </suite> <!-- Surefire suite -->
</testng-results>
