<?xml version="1.0" encoding="UTF-8"?>
<!-- Generated by org.testng.reporters.JUnitReportReporter -->
<testsuite hostname="LAPTOP-VDKBJUCL" failures="0" tests="8" name="dtm.ShipFeeTest" time="0.022" errors="0" timestamp="2026-03-13T16:49:53 GMT+07:00" skipped="0">
  <testcase classname="dtm.ShipFeeTest" name="TC6_vungKhacKhongVuotMoc" time="0.000"/>
  <testcase classname="dtm.ShipFeeTest" name="TC8_memberDuocGiam10PhanTram" time="0.000"/>
  <testcase classname="dtm.ShipFeeTest" name="TC4_ngoaiThanhKhongVuotMoc" time="0.001"/>
  <testcase classname="dtm.ShipFeeTest" name="TC2_noiThanhKhongVuotMoc" time="0.002"/>
  <testcase classname="dtm.ShipFeeTest" name="TC3_noiThanhVuot5Kg" time="0.001"/>
  <testcase classname="dtm.ShipFeeTest" name="TC7_vungKhacVuot2Kg" time="0.000"/>
  <testcase classname="dtm.ShipFeeTest" name="TC1_trongLuongKhongHopLe" time="0.018"/>
  <testcase classname="dtm.ShipFeeTest" name="TC5_ngoaiThanhVuot3Kg" time="0.000"/>
</testsuite> <!-- dtm.ShipFeeTest -->
