<?xml version="1.0" encoding="UTF-8"?>
<!-- Generated by org.testng.reporters.JUnitReportReporter -->
<testsuite hostname="LAPTOP-VDKBJUCL" failures="0" tests="8" name="dtm.VayVonMCDCTest" time="0.007" errors="0" timestamp="2026-03-13T17:39:56 GMT+07:00" skipped="0">
  <testcase classname="dtm.VayVonMCDCTest" name="testMCDC_DiemTinDungDocLap_Tu700TroLen" time="0.000"/>
  <testcase classname="dtm.VayVonMCDCTest" name="testMCDC_DiemTinDungDocLap_Duoi700" time="0.005"/>
  <testcase classname="dtm.VayVonMCDCTest" name="testMCDC_TaiSanBaoLanhDocLap_KhongCoTaiSan" time="0.000"/>
  <testcase classname="dtm.VayVonMCDCTest" name="testMCDC_TaiSanBaoLanhDocLap_CoTaiSan" time="0.000"/>
  <testcase classname="dtm.VayVonMCDCTest" name="testMCDC_ThuNhapDocLap_Duoi10Trieu" time="0.000"/>
  <testcase classname="dtm.VayVonMCDCTest" name="testMCDC_TuoiDocLap_Du22TroLen" time="0.001"/>
  <testcase classname="dtm.VayVonMCDCTest" name="testMCDC_TuoiDocLap_ThapHon22" time="0.001"/>
  <testcase classname="dtm.VayVonMCDCTest" name="testMCDC_ThuNhapDocLap_Tu10TrieuTroLen" time="0.000"/>
</testsuite> <!-- dtm.VayVonMCDCTest -->
