<?xml version="1.0" encoding="UTF-8"?>
<!-- Generated by org.testng.reporters.JUnitXMLReporter -->
<testsuite ignored="0" hostname="LAPTOP-VDKBJUCL" failures="0" tests="6" name="Surefire test" time="0.035" errors="0" timestamp="2026-03-13T16:25:36 GMT+07:00">
  <testcase classname="dtm.WaterBillTest" name="TC1_invalidM3" time="0.006"/>
  <testcase classname="dtm.WaterBillTest" name="TC2_hoNgheo" time="0.0"/>
  <testcase classname="dtm.WaterBillTest" name="TC3_danCu1" time="0.0"/>
  <testcase classname="dtm.WaterBillTest" name="TC4_danCu2" time="0.001"/>
  <testcase classname="dtm.WaterBillTest" name="TC5_danCu3" time="0.0"/>
  <testcase classname="dtm.WaterBillTest" name="TC6_kinhDoanh" time="0.0"/>
</testsuite> <!-- Surefire test -->
