<?xml version="1.0" encoding="UTF-8"?>
<testsuite xmlns:xsi="http://www.w3.org/2001/XMLSchema-instance" xsi:noNamespaceSchemaLocation="https://maven.apache.org/surefire/maven-surefire-plugin/xsd/surefire-test-report-3.0.xsd" version="3.0" name="dtm.ShipFeeTest" time="0.378" tests="8" errors="0" skipped="0" failures="0">
  <properties>
[...]
</properties>
  <testcase name="TC1_trongLuongKhongHopLe" classname="dtm.ShipFeeTest" time="0.018">
    <system-err><![CDATA[SLF4J: Failed to load class "org.slf4j.impl.StaticLoggerBinder".
SLF4J: Defaulting to no-operation (NOP) logger implementation
SLF4J: See http://www.slf4j.org/codes.html#StaticLoggerBinder for further details.
]]></system-err>
  </testcase>
  <testcase name="TC2_noiThanhKhongVuotMoc" classname="dtm.ShipFeeTest" time="0.0"/>
  <testcase name="TC3_noiThanhVuot5Kg" classname="dtm.ShipFeeTest" time="0.0"/>
  <testcase name="TC4_ngoaiThanhKhongVuotMoc" classname="dtm.ShipFeeTest" time="0.001"/>
  <testcase name="TC5_ngoaiThanhVuot3Kg" classname="dtm.ShipFeeTest" time="0.001"/>
  <testcase name="TC6_vungKhacKhongVuotMoc" classname="dtm.ShipFeeTest" time="0.0"/>
  <testcase name="TC7_vungKhacVuot2Kg" classname="dtm.ShipFeeTest" time="0.0"/>
  <testcase name="TC8_memberDuocGiam10PhanTram" classname="dtm.ShipFeeTest" time="0.0"/>
</testsuite>