<?xml version="1.0" encoding="UTF-8"?>
<testng-results ignored="0" total="8" passed="8" failed="0" skipped="0">
  <reporter-output>
  </reporter-output>
  <suite started-at="2026-03-13T16:49:53 GMT+07:00" name="Surefire suite" finished-at="2026-03-13T16:49:53 GMT+07:00" duration-ms="49">
    <groups>
    </groups>
    <test started-at="2026-03-13T16:49:53 GMT+07:00" name="Surefire test" finished-at="2026-03-13T16:49:53 GMT+07:00" duration-ms="49">
      <class name="dtm.ShipFeeTest">
        <test-method signature="TC1_trongLuongKhongHopLe()[pri:0, instance:dtm.ShipFeeTest@d83da2e]" started-at="2026-03-13T16:49:53 GMT+07:00" name="TC1_trongLuongKhongHopLe" finished-at="2026-03-13T16:49:53 GMT+07:00" duration-ms="18" status="PASS">
          <exception class="java.lang.IllegalArgumentException">
            <message>
              <![CDATA[Trong luong phai > 0]]>
            </message>
            <full-stacktrace>
              <![CDATA[java.lang.IllegalArgumentException: Trong luong phai > 0
at dtm.ShipService.tinhPhiShip(ShipService.java:8)
at dtm.ShipFeeTest.TC1_trongLuongKhongHopLe(ShipFeeTest.java:10)
at java.base/jdk.internal.reflect.DirectMethodHandleAccessor.invoke(DirectMethodHandleAccessor.java:103)
at java.base/java.lang.reflect.Method.invoke(Method.java:580)
at org.testng.internal.invokers.MethodInvocationHelper.invokeMethod(MethodInvocationHelper.java:139)
at org.testng.internal.invokers.TestInvoker.invokeMethod(TestInvoker.java:664)
at org.testng.internal.invokers.TestInvoker.invokeTestMethod(TestInvoker.java:228)
at org.testng.internal.invokers.MethodRunner.runInSequence(MethodRunner.java:63)
at org.testng.internal.invokers.TestInvoker$MethodInvocationAgent.invoke(TestInvoker.java:961)
at org.testng.internal.invokers.TestInvoker.invokeTestMethods(TestInvoker.java:201)
at org.testng.internal.invokers.TestMethodWorker.invokeTestMethods(TestMethodWorker.java:148)
at org.testng.internal.invokers.TestMethodWorker.run(TestMethodWorker.java:128)
at java.base/java.util.ArrayList.forEach(ArrayList.java:1597)
at org.testng.TestRunner.privateRun(TestRunner.java:819)
at org.testng.TestRunner.run(TestRunner.java:619)
at org.testng.SuiteRunner.runTest(SuiteRunner.java:443)
at org.testng.SuiteRunner.runSequentially(SuiteRunner.java:437)
at org.testng.SuiteRunner.privateRun(SuiteRunner.java:397)
at org.testng.SuiteRunner.run(SuiteRunner.java:336)
at org.testng.SuiteRunnerWorker.runSuite(SuiteRunnerWorker.java:52)
at org.testng.SuiteRunnerWorker.run(SuiteRunnerWorker.java:95)
at org.testng.TestNG.runSuitesSequentially(TestNG.java:1301)
at org.testng.TestNG.runSuitesLocally(TestNG.java:1228)
at org.testng.TestNG.runSuites(TestNG.java:1134)
at org.testng.TestNG.run(TestNG.java:1101)
at org.apache.maven.surefire.testng.TestNGExecutor.run(TestNGExecutor.java:155)
at org.apache.maven.surefire.testng.TestNGDirectoryTestSuite.executeSingleClass(TestNGDirectoryTestSuite.java:102)
at org.apache.maven.surefire.testng.TestNGDirectoryTestSuite.execute(TestNGDirectoryTestSuite.java:91)
at org.apache.maven.surefire.testng.TestNGProvider.invoke(TestNGProvider.java:137)
at org.apache.maven.surefire.booter.ForkedBooter.runSuitesInProcess(ForkedBooter.java:385)
at org.apache.maven.surefire.booter.ForkedBooter.execute(ForkedBooter.java:162)
at org.apache.maven.surefire.booter.ForkedBooter.run(ForkedBooter.java:507)
at org.apache.maven.surefire.booter.ForkedBooter.main(ForkedBooter.java:495)
]]>
            </full-stacktrace>
          </exception> <!-- java.lang.IllegalArgumentException -->
          <reporter-output>
          </reporter-output>
        </test-method> <!-- TC1_trongLuongKhongHopLe -->
        <test-method signature="TC2_noiThanhKhongVuotMoc()[pri:0, instance:dtm.ShipFeeTest@d83da2e]" started-at="2026-03-13T16:49:53 GMT+07:00" name="TC2_noiThanhKhongVuotMoc" finished-at="2026-03-13T16:49:53 GMT+07:00" duration-ms="2" status="PASS">
          <reporter-output>
          </reporter-output>
        </test-method> <!-- TC2_noiThanhKhongVuotMoc -->
        <test-method signature="TC3_noiThanhVuot5Kg()[pri:0, instance:dtm.ShipFeeTest@d83da2e]" started-at="2026-03-13T16:49:53 GMT+07:00" name="TC3_noiThanhVuot5Kg" finished-at="2026-03-13T16:49:53 GMT+07:00" duration-ms="1" status="PASS">
          <reporter-output>
          </reporter-output>
        </test-method> <!-- TC3_noiThanhVuot5Kg -->
        <test-method signature="TC4_ngoaiThanhKhongVuotMoc()[pri:0, instance:dtm.ShipFeeTest@d83da2e]" started-at="2026-03-13T16:49:53 GMT+07:00" name="TC4_ngoaiThanhKhongVuotMoc" finished-at="2026-03-13T16:49:53 GMT+07:00" duration-ms="1" status="PASS">
          <reporter-output>
          </reporter-output>
        </test-method> <!-- TC4_ngoaiThanhKhongVuotMoc -->
        <test-method signature="TC5_ngoaiThanhVuot3Kg()[pri:0, instance:dtm.ShipFeeTest@d83da2e]" started-at="2026-03-13T16:49:53 GMT+07:00" name="TC5_ngoaiThanhVuot3Kg" finished-at="2026-03-13T16:49:53 GMT+07:00" duration-ms="0" status="PASS">
          <reporter-output>
          </reporter-output>
        </test-method> <!-- TC5_ngoaiThanhVuot3Kg -->
        <test-method signature="TC6_vungKhacKhongVuotMoc()[pri:0, instance:dtm.ShipFeeTest@d83da2e]" started-at="2026-03-13T16:49:53 GMT+07:00" name="TC6_vungKhacKhongVuotMoc" finished-at="2026-03-13T16:49:53 GMT+07:00" duration-ms="0" status="PASS">
          <reporter-output>
          </reporter-output>
        </test-method> <!-- TC6_vungKhacKhongVuotMoc -->
        <test-method signature="TC8_memberDuocGiam10PhanTram()[pri:0, instance:dtm.ShipFeeTest@d83da2e]" started-at="2026-03-13T16:49:53 GMT+07:00" name="TC8_memberDuocGiam10PhanTram" finished-at="2026-03-13T16:49:53 GMT+07:00" duration-ms="0" status="PASS">
          <reporter-output>
          </reporter-output>
        </test-method> <!-- TC8_memberDuocGiam10PhanTram -->
        <test-method signature="TC7_vungKhacVuot2Kg()[pri:0, instance:dtm.ShipFeeTest@d83da2e]" started-at="2026-03-13T16:49:53 GMT+07:00" name="TC7_vungKhacVuot2Kg" finished-at="2026-03-13T16:49:53 GMT+07:00" duration-ms="0" status="PASS">
          <reporter-output>
          </reporter-output>
        </test-method> <!-- TC7_vungKhacVuot2Kg -->
      </class> <!-- dtm.ShipFeeTest -->
    </test> <!-- Surefire test -->
  </suite> <!-- Surefire suite -->
</testng-results>
