<?xml version="1.0" encoding="UTF-8"?>
<!-- Generated by org.testng.reporters.JUnitXMLReporter -->
<testsuite ignored="0" hostname="LAPTOP-VDKBJUCL" failures="0" tests="11" name="Surefire test" time="30.257" errors="0" timestamp="2026-03-13T18:23:22 GMT+07:00">
  <testcase classname="dtm.PhoneValidatorTest" name="testEmptyPhone" time="0.012"/>
  <testcase classname="dtm.PhoneValidatorTest" name="testInvalidCharacters" time="0.001"/>
  <testcase classname="dtm.PhoneValidatorTest" name="testInvalidLength" time="0.001"/>
  <testcase classname="dtm.PhoneValidatorTest" name="testInvalidPrefix" time="0.002"/>
  <testcase classname="dtm.PhoneValidatorTest" name="testNullPhone" time="0.0"/>
  <testcase classname="dtm.PhoneValidatorTest" name="testValid03" time="0.001"/>
  <testcase classname="dtm.PhoneValidatorTest" name="testValidPlus84" time="0.001"/>
  <testcase classname="dtm.PhoneValidatorTest" name="testValidWithSpaces" time="0.0"/>
  <testcase classname="dtm.TextBoxWhiteBoxTest" name="testEmptyName" time="0.527"/>
  <testcase classname="dtm.TextBoxWhiteBoxTest" name="testInvalidEmail" time="0.521"/>
  <testcase classname="dtm.TextBoxWhiteBoxTest" name="testValidInput" time="0.565"/>
</testsuite> <!-- Surefire test -->
