<?xml version="1.0" encoding="UTF-8"?>
<!-- Generated by org.testng.reporters.JUnitReportReporter -->
<testsuite hostname="LAPTOP-VDKBJUCL" failures="0" tests="3" name="dtm.TextBoxWhiteBoxTest" time="30.172" errors="0" timestamp="2026-03-13T18:23:22 GMT+07:00" skipped="0">
  <testcase classname="dtm.TextBoxWhiteBoxTest" name="testValidInput" time="15.722"/>
  <testcase classname="dtm.TextBoxWhiteBoxTest" name="testInvalidEmail" time="6.429"/>
  <testcase classname="dtm.TextBoxWhiteBoxTest" name="testEmptyName" time="8.021"/>
</testsuite> <!-- dtm.TextBoxWhiteBoxTest -->
