<?xml version="1.0" encoding="UTF-8"?>
<!-- Generated by org.testng.reporters.JUnitReportReporter -->
<testsuite hostname="LAPTOP-VDKBJUCL" failures="0" tests="8" name="dtm.PhoneValidatorTest" time="0.018" errors="0" timestamp="2026-03-13T18:23:22 GMT+07:00" skipped="0">
  <testcase classname="dtm.PhoneValidatorTest" name="testInvalidLength" time="0.001"/>
  <testcase classname="dtm.PhoneValidatorTest" name="testInvalidCharacters" time="0.001"/>
  <testcase classname="dtm.PhoneValidatorTest" name="testValid03" time="0.001"/>
  <testcase classname="dtm.PhoneValidatorTest" name="testNullPhone" time="0.000"/>
  <testcase classname="dtm.PhoneValidatorTest" name="testValidPlus84" time="0.001"/>
  <testcase classname="dtm.PhoneValidatorTest" name="testEmptyPhone" time="0.012"/>
  <testcase classname="dtm.PhoneValidatorTest" name="testInvalidPrefix" time="0.002"/>
  <testcase classname="dtm.PhoneValidatorTest" name="testValidWithSpaces" time="0.000"/>
</testsuite> <!-- dtm.PhoneValidatorTest -->
